<?xml version="1.0" encoding="UTF-8"?>
<testng-results skipped="0" failed="0" ignored="0" total="1" passed="1">
  <reporter-output>
  </reporter-output>
  <suite name="Default suite" duration-ms="7750" started-at="2020-01-04T12:14:50 CST" finished-at="2020-01-04T12:14:57 CST">
    <groups>
    </groups>
    <test name="Default test" duration-ms="7750" started-at="2020-01-04T12:14:50 CST" finished-at="2020-01-04T12:14:57 CST">
      <class name="com.prasanthi.SeleniumTests.MyTables">
        <test-method status="PASS" signature="Test10()[pri:0, instance:com.prasanthi.SeleniumTests.MyTables@551aa95a]" name="Test10" duration-ms="7717" started-at="2020-01-04T12:14:50 CST" finished-at="2020-01-04T12:14:57 CST">
          <reporter-output>
          </reporter-output>
        </test-method> <!-- Test10 -->
      </class> <!-- com.prasanthi.SeleniumTests.MyTables -->
    </test> <!-- Default test -->
  </suite> <!-- Default suite -->
</testng-results>
