<?xml version="1.0" encoding="UTF-8"?>
<testng-results skipped="0" failed="0" ignored="0" total="3" passed="3">
  <reporter-output>
  </reporter-output>
  <suite name="Default suite" duration-ms="32" started-at="2020-01-02T17:37:56Z" finished-at="2020-01-02T17:37:56Z">
    <groups>
    </groups>
    <test name="Default test" duration-ms="32" started-at="2020-01-02T17:37:56Z" finished-at="2020-01-02T17:37:56Z">
      <class name="com.prasanthi.SeleniumTests.MavenDemo">
        <test-method status="PASS" signature="Test2()[pri:1, instance:com.prasanthi.SeleniumTests.MavenDemo@29ee9faa]" name="Test2" duration-ms="7" started-at="2020-01-02T17:37:56Z" finished-at="2020-01-02T17:37:56Z">
          <reporter-output>
          </reporter-output>
        </test-method> <!-- Test2 -->
        <test-method status="PASS" signature="Test1()[pri:2, instance:com.prasanthi.SeleniumTests.MavenDemo@29ee9faa]" name="Test1" duration-ms="1" started-at="2020-01-02T17:37:56Z" finished-at="2020-01-02T17:37:56Z">
          <reporter-output>
          </reporter-output>
        </test-method> <!-- Test1 -->
        <test-method status="PASS" signature="Test3()[pri:3, instance:com.prasanthi.SeleniumTests.MavenDemo@29ee9faa]" name="Test3" duration-ms="1" started-at="2020-01-02T17:37:56Z" finished-at="2020-01-02T17:37:56Z">
          <reporter-output>
          </reporter-output>
        </test-method> <!-- Test3 -->
      </class> <!-- com.prasanthi.SeleniumTests.MavenDemo -->
    </test> <!-- Default test -->
  </suite> <!-- Default suite -->
</testng-results>
