<?xml version="1.0" encoding="UTF-8"?>
<!-- Generated by org.testng.reporters.JUnitXMLReporter -->
<testsuite hostname="DESKTOP-FA3JEC3" ignored="0" name="Default test" tests="3" failures="0" timestamp="02 Jan 2020 17:37:56 GMT" time="0.032" errors="0">
  <testcase name="Test2" time="0.007" classname="com.prasanthi.SeleniumTests.MavenDemo"/>
  <testcase name="Test1" time="0.001" classname="com.prasanthi.SeleniumTests.MavenDemo"/>
  <testcase name="Test3" time="0.001" classname="com.prasanthi.SeleniumTests.MavenDemo"/>
</testsuite> <!-- Default test -->
